update-alternatives 2026-01-09 02:03:50: run with --install /usr/bin/awk awk /usr/bin/mawk 5 --slave /usr/share/man/man1/awk.1.gz awk.1.gz /usr/share/man/man1/mawk.1.gz --slave /usr/bin/nawk nawk /usr/bin/mawk --slave /usr/share/man/man1/nawk.1.gz nawk.1.gz /usr/share/man/man1/mawk.1.gz
update-alternatives 2026-01-09 02:03:50: link group awk updated to point to /usr/bin/mawk
update-alternatives 2026-01-09 02:03:54: run with --install /usr/bin/which which /usr/bin/which.debianutils 0 --slave /usr/share/man/man1/which.1.gz which.1.gz /usr/share/man/man1/which.debianutils.1.gz --slave /usr/share/man/de/man1/which.1.gz which.de1.gz /usr/share/man/de/man1/which.debianutils.1.gz --slave /usr/share/man/es/man1/which.1.gz which.es1.gz /usr/share/man/es/man1/which.debianutils.1.gz --slave /usr/share/man/fr/man1/which.1.gz which.fr1.gz /usr/share/man/fr/man1/which.debianutils.1.gz --slave /usr/share/man/it/man1/which.1.gz which.it1.gz /usr/share/man/it/man1/which.debianutils.1.gz --slave /usr/share/man/ja/man1/which.1.gz which.ja1.gz /usr/share/man/ja/man1/which.debianutils.1.gz --slave /usr/share/man/pl/man1/which.1.gz which.pl1.gz /usr/share/man/pl/man1/which.debianutils.1.gz --slave /usr/share/man/sl/man1/which.1.gz which.sl1.gz /usr/share/man/sl/man1/which.debianutils.1.gz
update-alternatives 2026-01-09 02:03:54: link group which updated to point to /usr/bin/which.debianutils
update-alternatives 2026-01-09 02:03:54: run with --install /usr/bin/awk awk /usr/bin/mawk 5 --slave /usr/share/man/man1/awk.1.gz awk.1.gz /usr/share/man/man1/mawk.1.gz --slave /usr/bin/nawk nawk /usr/bin/mawk --slave /usr/share/man/man1/nawk.1.gz nawk.1.gz /usr/share/man/man1/mawk.1.gz
update-alternatives 2026-01-09 02:03:54: run with --install /usr/share/man/man7/builtins.7.gz builtins.7.gz /usr/share/man/man7/bash-builtins.7.gz 10
update-alternatives 2026-01-09 02:03:54: link group builtins.7.gz updated to point to /usr/share/man/man7/bash-builtins.7.gz
update-alternatives 2026-01-09 02:03:55: run with --install /usr/sbin/rmt rmt /usr/sbin/rmt-tar 50 --slave /usr/share/man/man8/rmt.8.gz rmt.8.gz /usr/share/man/man8/rmt-tar.8.gz
update-alternatives 2026-01-09 02:03:55: link group rmt updated to point to /usr/sbin/rmt-tar
update-alternatives 2026-01-09 02:03:55: run with --install /usr/bin/pager pager /bin/more 50 --slave /usr/share/man/man1/pager.1.gz pager.1.gz /usr/share/man/man1/more.1.gz
update-alternatives 2026-01-09 02:03:55: link group pager updated to point to /bin/more
update-alternatives 2026-01-09 02:04:16: run with --remove builtins.7.gz /usr/share/man/man7/bash-builtins.7.gz
update-alternatives 2026-01-09 02:04:16: link group builtins.7.gz fully removed
update-alternatives 2026-01-09 02:04:36: run with --install /usr/bin/which which /usr/bin/which.debianutils 0 --slave /usr/share/man/man1/which.1.gz which.1.gz /usr/share/man/man1/which.debianutils.1.gz --slave /usr/share/man/de/man1/which.1.gz which.de1.gz /usr/share/man/de/man1/which.debianutils.1.gz --slave /usr/share/man/es/man1/which.1.gz which.es1.gz /usr/share/man/es/man1/which.debianutils.1.gz --slave /usr/share/man/fr/man1/which.1.gz which.fr1.gz /usr/share/man/fr/man1/which.debianutils.1.gz --slave /usr/share/man/it/man1/which.1.gz which.it1.gz /usr/share/man/it/man1/which.debianutils.1.gz --slave /usr/share/man/ja/man1/which.1.gz which.ja1.gz /usr/share/man/ja/man1/which.debianutils.1.gz --slave /usr/share/man/pl/man1/which.1.gz which.pl1.gz /usr/share/man/pl/man1/which.debianutils.1.gz --slave /usr/share/man/sl/man1/which.1.gz which.sl1.gz /usr/share/man/sl/man1/which.debianutils.1.gz
update-alternatives 2026-01-09 02:04:36: auto-repair link group which
update-alternatives 2026-01-09 02:09:38: run with --install /usr/bin/awk awk /usr/bin/mawk 5 --slave /usr/share/man/man1/awk.1.gz awk.1.gz /usr/share/man/man1/mawk.1.gz --slave /usr/bin/nawk nawk /usr/bin/mawk --slave /usr/share/man/man1/nawk.1.gz nawk.1.gz /usr/share/man/man1/mawk.1.gz
update-alternatives 2026-01-09 02:09:38: auto-repair link group awk
update-alternatives 2026-01-09 02:10:16: run with --install /usr/sbin/rmt rmt /usr/sbin/rmt-tar 50 --slave /usr/share/man/man8/rmt.8.gz rmt.8.gz /usr/share/man/man8/rmt-tar.8.gz
update-alternatives 2026-01-09 02:10:16: auto-repair link group rmt
update-alternatives 2026-01-09 02:10:28: run with --install /usr/bin/pager pager /bin/more 50 --slave /usr/share/man/man1/pager.1.gz pager.1.gz /usr/share/man/man1/more.1.gz
update-alternatives 2026-01-09 02:10:28: auto-repair link group pager
update-alternatives 2026-01-09 02:10:42: run with --install /usr/sbin/rmt rmt /usr/sbin/rmt-tar 50 --slave /usr/share/man/man8/rmt.8.gz rmt.8.gz /usr/share/man/man8/rmt-tar.8.gz
update-alternatives 2026-01-09 02:10:43: run with --install /usr/bin/pager pager /bin/more 50 --slave /usr/share/man/man1/pager.1.gz pager.1.gz /usr/share/man/man1/more.1.gz
update-alternatives 2026-01-16 14:07:18: run with --quiet --install /usr/bin/pinentry pinentry /usr/bin/pinentry-curses 50 --slave /usr/share/man/man1/pinentry.1.gz pinentry.1.gz /usr/share/man/man1/pinentry-curses.1.gz
update-alternatives 2026-01-16 14:07:18: link group pinentry updated to point to /usr/bin/pinentry-curses
update-alternatives 2026-01-16 14:10:14: run with --install /etc/mysql/my.cnf my.cnf /etc/mysql/my.cnf.fallback 100
update-alternatives 2026-01-16 14:10:14: link group my.cnf updated to point to /etc/mysql/my.cnf.fallback
update-alternatives 2026-01-16 14:10:14: run with --install /usr/bin/write write /usr/bin/write.ul 100 --slave /usr/share/man/man1/write.1.gz write.1.gz /usr/share/man/man1/write.ul.1.gz
update-alternatives 2026-01-16 14:10:14: link group write updated to point to /usr/bin/write.ul
update-alternatives 2026-01-16 14:10:15: run with --quiet --install /usr/bin/pager pager /usr/bin/less 77 --slave /usr/share/man/man1/pager.1.gz pager.1.gz /usr/share/man/man1/less.1.gz
update-alternatives 2026-01-16 14:10:15: link group pager updated to point to /usr/bin/less
update-alternatives 2026-01-16 14:10:15: run with --install /usr/bin/unrar unrar /usr/bin/unrar-nonfree 40 --slave /usr/share/man/man1/unrar.1.gz unrar.1.gz /usr/share/man/man1/unrar-nonfree.1.gz
update-alternatives 2026-01-16 14:10:15: link group unrar updated to point to /usr/bin/unrar-nonfree
update-alternatives 2026-01-16 14:10:16: run with --install /usr/lib/x86_64-linux-gnu/libblas.so.3 libblas.so.3-x86_64-linux-gnu /usr/lib/x86_64-linux-gnu/blas/libblas.so.3 10
update-alternatives 2026-01-16 14:10:16: link group libblas.so.3-x86_64-linux-gnu updated to point to /usr/lib/x86_64-linux-gnu/blas/libblas.so.3
update-alternatives 2026-01-16 14:10:16: run with --install /usr/bin/lzma lzma /usr/bin/xz 20 --slave /usr/share/man/man1/lzma.1.gz lzma.1.gz /usr/share/man/man1/xz.1.gz --slave /usr/bin/unlzma unlzma /usr/bin/unxz --slave /usr/share/man/man1/unlzma.1.gz unlzma.1.gz /usr/share/man/man1/unxz.1.gz --slave /usr/bin/lzcat lzcat /usr/bin/xzcat --slave /usr/share/man/man1/lzcat.1.gz lzcat.1.gz /usr/share/man/man1/xzcat.1.gz --slave /usr/bin/lzmore lzmore /usr/bin/xzmore --slave /usr/share/man/man1/lzmore.1.gz lzmore.1.gz /usr/share/man/man1/xzmore.1.gz --slave /usr/bin/lzless lzless /usr/bin/xzless --slave /usr/share/man/man1/lzless.1.gz lzless.1.gz /usr/share/man/man1/xzless.1.gz --slave /usr/bin/lzdiff lzdiff /usr/bin/xzdiff --slave /usr/share/man/man1/lzdiff.1.gz lzdiff.1.gz /usr/share/man/man1/xzdiff.1.gz --slave /usr/bin/lzcmp lzcmp /usr/bin/xzcmp --slave /usr/share/man/man1/lzcmp.1.gz lzcmp.1.gz /usr/share/man/man1/xzcmp.1.gz --slave /usr/bin/lzgrep lzgrep /usr/bin/xzgrep --slave /usr/share/man/man1/lzgrep.1.gz lzgrep.1.gz /usr/share/man/man1/xzgrep.1.gz --slave /usr/bin/lzegrep lzegrep /usr/bin/xzegrep --slave /usr/share/man/man1/lzegrep.1.gz lzegrep.1.gz /usr/share/man/man1/xzegrep.1.gz --slave /usr/bin/lzfgrep lzfgrep /usr/bin/xzfgrep --slave /usr/share/man/man1/lzfgrep.1.gz lzfgrep.1.gz /usr/share/man/man1/xzfgrep.1.gz
update-alternatives 2026-01-16 14:10:16: link group lzma updated to point to /usr/bin/xz
update-alternatives 2026-01-16 14:10:20: run with --install /usr/lib/x86_64-linux-gnu/libpsm_infinipath.so.1 libpsm_infinipath.so.1 /usr/lib/libpsm1/libpsm_infinipath.so.1.16 40
update-alternatives 2026-01-16 14:10:20: link group libpsm_infinipath.so.1 updated to point to /usr/lib/libpsm1/libpsm_infinipath.so.1.16
update-alternatives 2026-01-16 14:10:20: run with --install /usr/bin/open open /usr/bin/xdg-open 50 --slave /usr/share/man/man1/open.1.gz open.1.gz /usr/share/man/man1/xdg-open.1.gz
update-alternatives 2026-01-16 14:10:20: link group open updated to point to /usr/bin/xdg-open
update-alternatives 2026-01-16 14:10:22: run with --install /usr/lib/x86_64-linux-gnu/liblapack.so.3 liblapack.so.3-x86_64-linux-gnu /usr/lib/x86_64-linux-gnu/lapack/liblapack.so.3 10
update-alternatives 2026-01-16 14:10:22: link group liblapack.so.3-x86_64-linux-gnu updated to point to /usr/lib/x86_64-linux-gnu/lapack/liblapack.so.3
update-alternatives 2026-01-16 14:10:22: run with --install /usr/bin/vim vim /usr/bin/vim.basic 30
update-alternatives 2026-01-16 14:10:22: link group vim updated to point to /usr/bin/vim.basic
update-alternatives 2026-01-16 14:10:22: run with --install /usr/bin/vimdiff vimdiff /usr/bin/vim.basic 30
update-alternatives 2026-01-16 14:10:22: link group vimdiff updated to point to /usr/bin/vim.basic
update-alternatives 2026-01-16 14:10:22: run with --install /usr/bin/rvim rvim /usr/bin/vim.basic 30
update-alternatives 2026-01-16 14:10:22: link group rvim updated to point to /usr/bin/vim.basic
update-alternatives 2026-01-16 14:10:22: run with --install /usr/bin/rview rview /usr/bin/vim.basic 30
update-alternatives 2026-01-16 14:10:22: link group rview updated to point to /usr/bin/vim.basic
update-alternatives 2026-01-16 14:10:22: run with --install /usr/bin/vi vi /usr/bin/vim.basic 30 --slave /usr/share/man/da/man1/vi.1.gz vi.da.1.gz /usr/share/man/da/man1/vim.1.gz --slave /usr/share/man/de/man1/vi.1.gz vi.de.1.gz /usr/share/man/de/man1/vim.1.gz --slave /usr/share/man/fr/man1/vi.1.gz vi.fr.1.gz /usr/share/man/fr/man1/vim.1.gz --slave /usr/share/man/it/man1/vi.1.gz vi.it.1.gz /usr/share/man/it/man1/vim.1.gz --slave /usr/share/man/ja/man1/vi.1.gz vi.ja.1.gz /usr/share/man/ja/man1/vim.1.gz --slave /usr/share/man/pl/man1/vi.1.gz vi.pl.1.gz /usr/share/man/pl/man1/vim.1.gz --slave /usr/share/man/ru/man1/vi.1.gz vi.ru.1.gz /usr/share/man/ru/man1/vim.1.gz --slave /usr/share/man/man1/vi.1.gz vi.1.gz /usr/share/man/man1/vim.1.gz
update-alternatives 2026-01-16 14:10:22: link group vi updated to point to /usr/bin/vim.basic
update-alternatives 2026-01-16 14:10:22: run with --install /usr/bin/view view /usr/bin/vim.basic 30 --slave /usr/share/man/da/man1/view.1.gz view.da.1.gz /usr/share/man/da/man1/vim.1.gz --slave /usr/share/man/de/man1/view.1.gz view.de.1.gz /usr/share/man/de/man1/vim.1.gz --slave /usr/share/man/fr/man1/view.1.gz view.fr.1.gz /usr/share/man/fr/man1/vim.1.gz --slave /usr/share/man/it/man1/view.1.gz view.it.1.gz /usr/share/man/it/man1/vim.1.gz --slave /usr/share/man/ja/man1/view.1.gz view.ja.1.gz /usr/share/man/ja/man1/vim.1.gz --slave /usr/share/man/pl/man1/view.1.gz view.pl.1.gz /usr/share/man/pl/man1/vim.1.gz --slave /usr/share/man/ru/man1/view.1.gz view.ru.1.gz /usr/share/man/ru/man1/vim.1.gz --slave /usr/share/man/man1/view.1.gz view.1.gz /usr/share/man/man1/vim.1.gz
update-alternatives 2026-01-16 14:10:22: link group view updated to point to /usr/bin/vim.basic
update-alternatives 2026-01-16 14:10:22: run with --install /usr/bin/ex ex /usr/bin/vim.basic 30 --slave /usr/share/man/da/man1/ex.1.gz ex.da.1.gz /usr/share/man/da/man1/vim.1.gz --slave /usr/share/man/de/man1/ex.1.gz ex.de.1.gz /usr/share/man/de/man1/vim.1.gz --slave /usr/share/man/fr/man1/ex.1.gz ex.fr.1.gz /usr/share/man/fr/man1/vim.1.gz --slave /usr/share/man/it/man1/ex.1.gz ex.it.1.gz /usr/share/man/it/man1/vim.1.gz --slave /usr/share/man/ja/man1/ex.1.gz ex.ja.1.gz /usr/share/man/ja/man1/vim.1.gz --slave /usr/share/man/pl/man1/ex.1.gz ex.pl.1.gz /usr/share/man/pl/man1/vim.1.gz --slave /usr/share/man/ru/man1/ex.1.gz ex.ru.1.gz /usr/share/man/ru/man1/vim.1.gz --slave /usr/share/man/man1/ex.1.gz ex.1.gz /usr/share/man/man1/vim.1.gz
update-alternatives 2026-01-16 14:10:22: link group ex updated to point to /usr/bin/vim.basic
update-alternatives 2026-01-16 14:10:22: run with --install /usr/bin/editor editor /usr/bin/vim.basic 30 --slave /usr/share/man/da/man1/editor.1.gz editor.da.1.gz /usr/share/man/da/man1/vim.1.gz --slave /usr/share/man/de/man1/editor.1.gz editor.de.1.gz /usr/share/man/de/man1/vim.1.gz --slave /usr/share/man/fr/man1/editor.1.gz editor.fr.1.gz /usr/share/man/fr/man1/vim.1.gz --slave /usr/share/man/it/man1/editor.1.gz editor.it.1.gz /usr/share/man/it/man1/vim.1.gz --slave /usr/share/man/ja/man1/editor.1.gz editor.ja.1.gz /usr/share/man/ja/man1/vim.1.gz --slave /usr/share/man/pl/man1/editor.1.gz editor.pl.1.gz /usr/share/man/pl/man1/vim.1.gz --slave /usr/share/man/ru/man1/editor.1.gz editor.ru.1.gz /usr/share/man/ru/man1/vim.1.gz --slave /usr/share/man/man1/editor.1.gz editor.1.gz /usr/share/man/man1/vim.1.gz
update-alternatives 2026-01-16 14:10:22: link group editor updated to point to /usr/bin/vim.basic
update-alternatives 2026-01-16 14:10:22: run with --install /usr/lib/x86_64-linux-gnu/libblas.so.3 libblas.so.3-x86_64-linux-gnu /usr/lib/x86_64-linux-gnu/openblas-pthread/libblas.so.3 100
update-alternatives 2026-01-16 14:10:22: link group libblas.so.3-x86_64-linux-gnu updated to point to /usr/lib/x86_64-linux-gnu/openblas-pthread/libblas.so.3
update-alternatives 2026-01-16 14:10:22: run with --install /usr/lib/x86_64-linux-gnu/liblapack.so.3 liblapack.so.3-x86_64-linux-gnu /usr/lib/x86_64-linux-gnu/openblas-pthread/liblapack.so.3 100
update-alternatives 2026-01-16 14:10:22: link group liblapack.so.3-x86_64-linux-gnu updated to point to /usr/lib/x86_64-linux-gnu/openblas-pthread/liblapack.so.3
update-alternatives 2026-01-16 14:10:22: run with --install /usr/lib/x86_64-linux-gnu/libopenblas.so.0 libopenblas.so.0-x86_64-linux-gnu /usr/lib/x86_64-linux-gnu/openblas-pthread/libopenblas.so.0 100
update-alternatives 2026-01-16 14:10:22: link group libopenblas.so.0-x86_64-linux-gnu updated to point to /usr/lib/x86_64-linux-gnu/openblas-pthread/libopenblas.so.0
update-alternatives 2026-01-16 14:10:22: run with --install /usr/lib/x86_64-linux-gnu/libblas.so.3 libblas.so.3-x86_64-linux-gnu /usr/lib/x86_64-linux-gnu/atlas/libblas.so.3 35
update-alternatives 2026-01-16 14:10:22: run with --install /usr/lib/x86_64-linux-gnu/liblapack.so.3 liblapack.so.3-x86_64-linux-gnu /usr/lib/x86_64-linux-gnu/atlas/liblapack.so.3 35
update-alternatives 2026-01-16 14:10:22: run with --install /usr/lib/x86_64-linux-gnu/libblas.so libblas.so-x86_64-linux-gnu /usr/lib/x86_64-linux-gnu/atlas/libblas.so 35 --slave /usr/lib/x86_64-linux-gnu/libblas.a libblas.a-x86_64-linux-gnu /usr/lib/x86_64-linux-gnu/atlas/libblas.a --slave /usr/include/x86_64-linux-gnu/cblas.h cblas.h-x86_64-linux-gnu /usr/include/x86_64-linux-gnu/cblas-atlas.h --slave /usr/lib/x86_64-linux-gnu/pkgconfig/blas.pc blas.pc-x86_64-linux-gnu /usr/lib/x86_64-linux-gnu/pkgconfig/blas-atlas.pc
update-alternatives 2026-01-16 14:10:22: link group libblas.so-x86_64-linux-gnu updated to point to /usr/lib/x86_64-linux-gnu/atlas/libblas.so
update-alternatives 2026-01-16 14:10:22: run with --install /usr/lib/x86_64-linux-gnu/liblapack.so liblapack.so-x86_64-linux-gnu /usr/lib/x86_64-linux-gnu/atlas/liblapack.so 35 --slave /usr/lib/x86_64-linux-gnu/liblapack.a liblapack.a-x86_64-linux-gnu /usr/lib/x86_64-linux-gnu/atlas/liblapack.a --slave /usr/lib/x86_64-linux-gnu/pkgconfig/lapack.pc lapack.pc-x86_64-linux-gnu /usr/lib/x86_64-linux-gnu/pkgconfig/lapack-atlas.pc
update-alternatives 2026-01-16 14:10:22: link group liblapack.so-x86_64-linux-gnu updated to point to /usr/lib/x86_64-linux-gnu/atlas/liblapack.so
update-alternatives 2026-01-16 14:10:23: run with --install /usr/lib/x86_64-linux-gnu/liblapack.so liblapack.so-x86_64-linux-gnu /usr/lib/x86_64-linux-gnu/lapack/liblapack.so 10 --slave /usr/lib/x86_64-linux-gnu/liblapack.a liblapack.a-x86_64-linux-gnu /usr/lib/x86_64-linux-gnu/lapack/liblapack.a --slave /usr/lib/x86_64-linux-gnu/pkgconfig/lapack.pc lapack.pc-x86_64-linux-gnu /usr/lib/x86_64-linux-gnu/pkgconfig/lapack-netlib.pc
update-alternatives 2026-01-16 14:10:23: run with --quiet --install /lib/cpp cpp /usr/bin/cpp 10
update-alternatives 2026-01-16 14:10:23: link group cpp updated to point to /usr/bin/cpp
update-alternatives 2026-01-16 14:10:23: run with --install /usr/lib/x86_64-linux-gnu/libblas.so libblas.so-x86_64-linux-gnu /usr/lib/x86_64-linux-gnu/openblas-pthread/libblas.so 100 --slave /usr/lib/x86_64-linux-gnu/libblas.a libblas.a-x86_64-linux-gnu /usr/lib/x86_64-linux-gnu/openblas-pthread/libblas.a --slave /usr/include/x86_64-linux-gnu/cblas.h cblas.h-x86_64-linux-gnu /usr/include/x86_64-linux-gnu/openblas-pthread/cblas.h --slave /usr/lib/x86_64-linux-gnu/pkgconfig/blas.pc blas.pc-x86_64-linux-gnu /usr/lib/x86_64-linux-gnu/openblas-pthread/pkgconfig/blas-openblas.pc
update-alternatives 2026-01-16 14:10:23: link group libblas.so-x86_64-linux-gnu updated to point to /usr/lib/x86_64-linux-gnu/openblas-pthread/libblas.so
update-alternatives 2026-01-16 14:10:23: run with --install /usr/lib/x86_64-linux-gnu/liblapack.so liblapack.so-x86_64-linux-gnu /usr/lib/x86_64-linux-gnu/openblas-pthread/liblapack.so 100 --slave /usr/lib/x86_64-linux-gnu/liblapack.a liblapack.a-x86_64-linux-gnu /usr/lib/x86_64-linux-gnu/openblas-pthread/liblapack.a --slave /usr/lib/x86_64-linux-gnu/pkgconfig/lapack.pc lapack.pc-x86_64-linux-gnu /usr/lib/x86_64-linux-gnu/openblas-pthread/pkgconfig/lapack-openblas.pc
update-alternatives 2026-01-16 14:10:23: link group liblapack.so-x86_64-linux-gnu updated to point to /usr/lib/x86_64-linux-gnu/openblas-pthread/liblapack.so
update-alternatives 2026-01-16 14:10:23: run with --install /usr/lib/x86_64-linux-gnu/libopenblas.so libopenblas.so-x86_64-linux-gnu /usr/lib/x86_64-linux-gnu/openblas-pthread/libopenblas.so 100 --slave /usr/lib/x86_64-linux-gnu/libopenblas.a libopenblas.a-x86_64-linux-gnu /usr/lib/x86_64-linux-gnu/openblas-pthread/libopenblas.a --slave /usr/include/x86_64-linux-gnu/cblas-openblas.h cblas-openblas.h-x86_64-linux-gnu /usr/include/x86_64-linux-gnu/openblas-pthread/cblas.h --slave /usr/include/x86_64-linux-gnu/f77blas.h f77blas.h-x86_64-linux-gnu /usr/include/x86_64-linux-gnu/openblas-pthread/f77blas.h --slave /usr/include/x86_64-linux-gnu/openblas_config.h openblas_config.h-x86_64-linux-gnu /usr/include/x86_64-linux-gnu/openblas-pthread/openblas_config.h --slave /usr/lib/x86_64-linux-gnu/pkgconfig/openblas.pc openblas.pc-x86_64-linux-gnu /usr/lib/x86_64-linux-gnu/openblas-pthread/pkgconfig/openblas.pc
update-alternatives 2026-01-16 14:10:23: link group libopenblas.so-x86_64-linux-gnu updated to point to /usr/lib/x86_64-linux-gnu/openblas-pthread/libopenblas.so
update-alternatives 2026-01-16 14:10:26: run with --install /usr/bin/rsh rsh /usr/bin/ssh 20 --slave /usr/share/man/man1/rsh.1.gz rsh.1.gz /usr/share/man/man1/ssh.1.gz
update-alternatives 2026-01-16 14:10:26: link group rsh updated to point to /usr/bin/ssh
update-alternatives 2026-01-16 14:10:26: run with --install /usr/bin/rlogin rlogin /usr/bin/slogin 20 --slave /usr/share/man/man1/rlogin.1.gz rlogin.1.gz /usr/share/man/man1/slogin.1.gz
update-alternatives 2026-01-16 14:10:26: link group rlogin updated to point to /usr/bin/slogin
update-alternatives 2026-01-16 14:10:26: run with --install /usr/bin/rcp rcp /usr/bin/scp 20 --slave /usr/share/man/man1/rcp.1.gz rcp.1.gz /usr/share/man/man1/scp.1.gz
update-alternatives 2026-01-16 14:10:26: link group rcp updated to point to /usr/bin/scp
update-alternatives 2026-01-16 14:10:26: run with --install /usr/lib/x86_64-linux-gnu/libblas.so.3 libblas.so.3-x86_64-linux-gnu /usr/lib/x86_64-linux-gnu/libmkl_rt.so 1
update-alternatives 2026-01-16 14:10:26: run with --install /usr/lib/x86_64-linux-gnu/liblapack.so.3 liblapack.so.3-x86_64-linux-gnu /usr/lib/x86_64-linux-gnu/libmkl_rt.so 1
update-alternatives 2026-01-16 14:10:26: run with --install /usr/lib/x86_64-linux-gnu/libblas64.so.3 libblas64.so.3-x86_64-linux-gnu /usr/lib/x86_64-linux-gnu/libmkl_rt.so 1
update-alternatives 2026-01-16 14:10:26: link group libblas64.so.3-x86_64-linux-gnu updated to point to /usr/lib/x86_64-linux-gnu/libmkl_rt.so
update-alternatives 2026-01-16 14:10:26: run with --install /usr/lib/x86_64-linux-gnu/liblapack64.so.3 liblapack64.so.3-x86_64-linux-gnu /usr/lib/x86_64-linux-gnu/libmkl_rt.so 1
update-alternatives 2026-01-16 14:10:26: link group liblapack64.so.3-x86_64-linux-gnu updated to point to /usr/lib/x86_64-linux-gnu/libmkl_rt.so
update-alternatives 2026-01-16 14:10:26: run with --auto libblas64.so.3-x86_64-linux-gnu
update-alternatives 2026-01-16 14:10:26: run with --auto liblapack64.so.3-x86_64-linux-gnu
update-alternatives 2026-01-16 14:10:31: run with --quiet --install /usr/bin/open open /usr/bin/run-mailcap 30 --slave /usr/share/man/man1/open.1.gz open.1.gz /usr/share/man/man1/run-mailcap.1.gz
update-alternatives 2026-01-16 14:10:31: run with --install /usr/bin/automake automake /usr/bin/automake-1.16 34 --slave /usr/bin/aclocal aclocal /usr/bin/aclocal-1.16 --slave /usr/share/man/man1/automake.1.gz automake.1.gz /usr/share/man/man1/automake-1.16.1.gz --slave /usr/share/man/man1/aclocal.1.gz aclocal.1.gz /usr/share/man/man1/aclocal-1.16.1.gz
update-alternatives 2026-01-16 14:10:31: link group automake updated to point to /usr/bin/automake-1.16
update-alternatives 2026-01-16 14:10:34: run with --install /usr/bin/rename rename /usr/bin/file-rename 70 --slave /usr/share/man/man1/rename.1.gz rename.1.gz /usr/share/man/man1/file-rename.1p.gz
update-alternatives 2026-01-16 14:10:34: link group rename updated to point to /usr/bin/file-rename
update-alternatives 2026-01-16 14:10:34: run with --quiet --install /usr/bin/cc cc /usr/bin/gcc 20 --slave /usr/share/man/man1/cc.1.gz cc.1.gz /usr/share/man/man1/gcc.1.gz
update-alternatives 2026-01-16 14:10:34: link group cc updated to point to /usr/bin/gcc
update-alternatives 2026-01-16 14:10:34: run with --quiet --install /usr/bin/c89 c89 /usr/bin/c89-gcc 20 --slave /usr/share/man/man1/c89.1.gz c89.1.gz /usr/share/man/man1/c89-gcc.1.gz
update-alternatives 2026-01-16 14:10:34: link group c89 updated to point to /usr/bin/c89-gcc
update-alternatives 2026-01-16 14:10:34: run with --quiet --install /usr/bin/c99 c99 /usr/bin/c99-gcc 20 --slave /usr/share/man/man1/c99.1.gz c99.1.gz /usr/share/man/man1/c99-gcc.1.gz
update-alternatives 2026-01-16 14:10:34: link group c99 updated to point to /usr/bin/c99-gcc
update-alternatives 2026-01-16 14:10:35: run with --install /usr/lib/x86_64-linux-gnu/pkgconfig/hdf5.pc hdf5.pc /usr/lib/x86_64-linux-gnu/pkgconfig/hdf5-serial.pc 20
update-alternatives 2026-01-16 14:10:35: link group hdf5.pc updated to point to /usr/lib/x86_64-linux-gnu/pkgconfig/hdf5-serial.pc
update-alternatives 2026-01-16 14:10:35: run with --install /usr/bin/c++ c++ /usr/bin/g++ 20 --slave /usr/share/man/man1/c++.1.gz c++.1.gz /usr/share/man/man1/g++.1.gz
update-alternatives 2026-01-16 14:10:35: link group c++ updated to point to /usr/bin/g++
update-alternatives 2026-01-16 14:10:35: run with --install /usr/lib/x86_64-linux-gnu/libblas.so libblas.so-x86_64-linux-gnu /usr/lib/x86_64-linux-gnu/libmkl_rt.so 1 --slave /usr/include/x86_64-linux-gnu/cblas.h cblas.h-x86_64-linux-gnu /usr/include/mkl/mkl_cblas.h --slave /usr/lib/x86_64-linux-gnu/pkgconfig/blas.pc blas.pc-x86_64-linux-gnu /usr/lib/x86_64-linux-gnu/pkgconfig/mkl-sdl-lp64.pc
update-alternatives 2026-01-16 14:10:35: run with --install /usr/lib/x86_64-linux-gnu/liblapack.so liblapack.so-x86_64-linux-gnu /usr/lib/x86_64-linux-gnu/libmkl_rt.so 1 --slave /usr/lib/x86_64-linux-gnu/pkgconfig/lapack.pc lapack.pc-x86_64-linux-gnu /usr/lib/x86_64-linux-gnu/pkgconfig/mkl-sdl-lp64.pc
update-alternatives 2026-01-16 14:10:35: run with --install /usr/lib/x86_64-linux-gnu/libblas64.so libblas64.so-x86_64-linux-gnu /usr/lib/x86_64-linux-gnu/libmkl_rt.so 1 --slave /usr/include/x86_64-linux-gnu/cblas64.h cblas64.h-x86_64-linux-gnu /usr/include/mkl/mkl_cblas.h --slave /usr/lib/x86_64-linux-gnu/pkgconfig/blas64.pc blas64.pc-x86_64-linux-gnu /usr/lib/x86_64-linux-gnu/pkgconfig/mkl-sdl-ilp64.pc
update-alternatives 2026-01-16 14:10:35: link group libblas64.so-x86_64-linux-gnu updated to point to /usr/lib/x86_64-linux-gnu/libmkl_rt.so
update-alternatives 2026-01-16 14:10:35: run with --install /usr/lib/x86_64-linux-gnu/liblapack64.so liblapack64.so-x86_64-linux-gnu /usr/lib/x86_64-linux-gnu/libmkl_rt.so 1 --slave /usr/lib/x86_64-linux-gnu/pkgconfig/lapack64.pc lapack64.pc-x86_64-linux-gnu /usr/lib/x86_64-linux-gnu/pkgconfig/mkl-sdl-ilp64.pc
update-alternatives 2026-01-16 14:10:35: link group liblapack64.so-x86_64-linux-gnu updated to point to /usr/lib/x86_64-linux-gnu/libmkl_rt.so
update-alternatives 2026-01-16 14:10:35: run with --auto libblas64.so-x86_64-linux-gnu
update-alternatives 2026-01-16 14:10:35: run with --auto liblapack64.so-x86_64-linux-gnu
update-alternatives 2026-01-16 14:10:36: run with --install /usr/bin/f95 f95 /usr/bin/gfortran 20 --slave /usr/share/man/man1/f95.1.gz f95.1.gz /usr/share/man/man1/gfortran.1.gz
update-alternatives 2026-01-16 14:10:36: link group f95 updated to point to /usr/bin/gfortran
update-alternatives 2026-01-16 14:10:36: run with --install /usr/bin/f77 f77 /usr/bin/gfortran 20 --slave /usr/share/man/man1/f77.1.gz f77.1.gz /usr/share/man/man1/gfortran.1.gz
update-alternatives 2026-01-16 14:10:36: link group f77 updated to point to /usr/bin/gfortran
update-alternatives 2026-01-16 14:10:36: run with --install /usr/bin/mpirun mpirun /usr/bin/mpirun.openmpi 50 --slave /usr/share/man/man1/mpirun.1.gz mpirun.1.gz /usr/share/man/man1/mpirun.openmpi.1.gz --slave /usr/bin/mpiexec mpiexec /usr/bin/mpiexec.openmpi --slave /usr/share/man/man1/mpiexec.1.gz mpiexec.1.gz /usr/share/man/man1/mpiexec.openmpi.1.gz
update-alternatives 2026-01-16 14:10:36: link group mpirun updated to point to /usr/bin/mpirun.openmpi
update-alternatives 2026-01-16 14:10:36: run with --install /usr/bin/mpicc mpi /usr/bin/mpicc.openmpi 50 --slave /usr/bin/mpic++ mpic++ /usr/bin/mpic++.openmpi --slave /usr/bin/mpicxx mpicxx /usr/bin/mpic++.openmpi --slave /usr/bin/mpiCC mpiCC /usr/bin/mpic++.openmpi --slave /usr/bin/mpif77 mpif77 /usr/bin/mpif77.openmpi --slave /usr/bin/mpif90 mpif90 /usr/bin/mpif90.openmpi --slave /usr/bin/mpifort mpifort /usr/bin/mpifort.openmpi --slave /usr/share/man/man1/mpicc.1.gz mpicc.1.gz /usr/share/man/man1/mpicc.openmpi.1.gz --slave /usr/share/man/man1/mpic++.1.gz mpic++.1.gz /usr/share/man/man1/mpic++.openmpi.1.gz --slave /usr/share/man/man1/mpicxx.1.gz mpicxx.1.gz /usr/share/man/man1/mpicxx.openmpi.1.gz --slave /usr/share/man/man1/mpiCC.1.gz mpiCC.1.gz /usr/share/man/man1/mpiCC.openmpi.1.gz --slave /usr/share/man/man1/mpif77.1.gz mpif77.1.gz /usr/share/man/man1/mpif77.openmpi.1.gz --slave /usr/share/man/man1/mpif90.1.gz mpif90.1.gz /usr/share/man/man1/mpif90.openmpi.1.gz --slave /usr/share/man/man1/mpifort.1.gz mpifort.1.gz /usr/share/man/man1/mpifort.openmpi.1.gz
update-alternatives 2026-01-16 14:10:36: link group mpi updated to point to /usr/bin/mpicc.openmpi
update-alternatives 2026-01-16 14:10:36: run with --install /usr/include/x86_64-linux-gnu/mpi mpi-x86_64-linux-gnu /usr/lib/x86_64-linux-gnu/openmpi/include 50 --slave /usr/lib/x86_64-linux-gnu/libmpi.so libmpi.so-x86_64-linux-gnu /usr/lib/x86_64-linux-gnu/openmpi/lib/libmpi.so --slave /usr/lib/x86_64-linux-gnu/libmpi++.so libmpi++.so-x86_64-linux-gnu /usr/lib/x86_64-linux-gnu/openmpi/lib/libmpi_cxx.so --slave /usr/lib/x86_64-linux-gnu/pkgconfig/mpi.pc mpi.pc-x86_64-linux-gnu /usr/lib/x86_64-linux-gnu/pkgconfig/ompi.pc --slave /usr/lib/x86_64-linux-gnu/pkgconfig/mpi-fort.pc mpi-fort.pc-x86_64-linux-gnu /usr/lib/x86_64-linux-gnu/pkgconfig/ompi-fort.pc --slave /usr/lib/x86_64-linux-gnu/pkgconfig/mpi-c.pc mpi-c.pc-x86_64-linux-gnu /usr/lib/x86_64-linux-gnu/pkgconfig/ompi-c.pc --slave /usr/lib/x86_64-linux-gnu/pkgconfig/mpi-cxx.pc mpi-cxx.pc-x86_64-linux-gnu /usr/lib/x86_64-linux-gnu/pkgconfig/ompi-cxx.pc
update-alternatives 2026-01-16 14:10:36: link group mpi-x86_64-linux-gnu updated to point to /usr/lib/x86_64-linux-gnu/openmpi/include
update-alternatives 2026-01-16 14:10:36: run with --install /usr/share/icons/default/index.theme x-cursor-theme /usr/share/icons/Adwaita/cursor.theme 90
update-alternatives 2026-01-16 14:10:36: link group x-cursor-theme updated to point to /usr/share/icons/Adwaita/cursor.theme
update-alternatives 2026-01-16 14:10:37: run with --install /usr/bin/java java /usr/lib/jvm/java-17-openjdk-amd64/bin/java 1711 --slave /usr/share/man/man1/java.1.gz java.1.gz /usr/lib/jvm/java-17-openjdk-amd64/man/man1/java.1.gz
update-alternatives 2026-01-16 14:10:37: link group java updated to point to /usr/lib/jvm/java-17-openjdk-amd64/bin/java
update-alternatives 2026-01-16 14:10:37: run with --install /usr/bin/jpackage jpackage /usr/lib/jvm/java-17-openjdk-amd64/bin/jpackage 1711 --slave /usr/share/man/man1/jpackage.1.gz jpackage.1.gz /usr/lib/jvm/java-17-openjdk-amd64/man/man1/jpackage.1.gz
update-alternatives 2026-01-16 14:10:37: link group jpackage updated to point to /usr/lib/jvm/java-17-openjdk-amd64/bin/jpackage
update-alternatives 2026-01-16 14:10:37: run with --install /usr/bin/keytool keytool /usr/lib/jvm/java-17-openjdk-amd64/bin/keytool 1711 --slave /usr/share/man/man1/keytool.1.gz keytool.1.gz /usr/lib/jvm/java-17-openjdk-amd64/man/man1/keytool.1.gz
update-alternatives 2026-01-16 14:10:37: link group keytool updated to point to /usr/lib/jvm/java-17-openjdk-amd64/bin/keytool
update-alternatives 2026-01-16 14:10:37: run with --install /usr/bin/rmiregistry rmiregistry /usr/lib/jvm/java-17-openjdk-amd64/bin/rmiregistry 1711 --slave /usr/share/man/man1/rmiregistry.1.gz rmiregistry.1.gz /usr/lib/jvm/java-17-openjdk-amd64/man/man1/rmiregistry.1.gz
update-alternatives 2026-01-16 14:10:37: link group rmiregistry updated to point to /usr/lib/jvm/java-17-openjdk-amd64/bin/rmiregistry
update-alternatives 2026-01-16 14:10:37: run with --install /usr/bin/jexec jexec /usr/lib/jvm/java-17-openjdk-amd64/lib/jexec 1711 --slave /usr/share/binfmts/jar jexec-binfmt /usr/lib/jvm/java-17-openjdk-amd64/lib/jar.binfmt
update-alternatives 2026-01-16 14:10:37: link group jexec updated to point to /usr/lib/jvm/java-17-openjdk-amd64/lib/jexec
update-alternatives 2026-01-16 14:10:38: run with --install /usr/bin/jar jar /usr/lib/jvm/java-17-openjdk-amd64/bin/jar 1711 --slave /usr/share/man/man1/jar.1.gz jar.1.gz /usr/lib/jvm/java-17-openjdk-amd64/man/man1/jar.1.gz
update-alternatives 2026-01-16 14:10:38: link group jar updated to point to /usr/lib/jvm/java-17-openjdk-amd64/bin/jar
update-alternatives 2026-01-16 14:10:38: run with --install /usr/bin/jarsigner jarsigner /usr/lib/jvm/java-17-openjdk-amd64/bin/jarsigner 1711 --slave /usr/share/man/man1/jarsigner.1.gz jarsigner.1.gz /usr/lib/jvm/java-17-openjdk-amd64/man/man1/jarsigner.1.gz
update-alternatives 2026-01-16 14:10:38: link group jarsigner updated to point to /usr/lib/jvm/java-17-openjdk-amd64/bin/jarsigner
update-alternatives 2026-01-16 14:10:38: run with --install /usr/bin/javac javac /usr/lib/jvm/java-17-openjdk-amd64/bin/javac 1711 --slave /usr/share/man/man1/javac.1.gz javac.1.gz /usr/lib/jvm/java-17-openjdk-amd64/man/man1/javac.1.gz
update-alternatives 2026-01-16 14:10:38: link group javac updated to point to /usr/lib/jvm/java-17-openjdk-amd64/bin/javac
update-alternatives 2026-01-16 14:10:38: run with --install /usr/bin/javadoc javadoc /usr/lib/jvm/java-17-openjdk-amd64/bin/javadoc 1711 --slave /usr/share/man/man1/javadoc.1.gz javadoc.1.gz /usr/lib/jvm/java-17-openjdk-amd64/man/man1/javadoc.1.gz
update-alternatives 2026-01-16 14:10:38: link group javadoc updated to point to /usr/lib/jvm/java-17-openjdk-amd64/bin/javadoc
update-alternatives 2026-01-16 14:10:38: run with --install /usr/bin/javap javap /usr/lib/jvm/java-17-openjdk-amd64/bin/javap 1711 --slave /usr/share/man/man1/javap.1.gz javap.1.gz /usr/lib/jvm/java-17-openjdk-amd64/man/man1/javap.1.gz
update-alternatives 2026-01-16 14:10:38: link group javap updated to point to /usr/lib/jvm/java-17-openjdk-amd64/bin/javap
update-alternatives 2026-01-16 14:10:38: run with --install /usr/bin/jcmd jcmd /usr/lib/jvm/java-17-openjdk-amd64/bin/jcmd 1711 --slave /usr/share/man/man1/jcmd.1.gz jcmd.1.gz /usr/lib/jvm/java-17-openjdk-amd64/man/man1/jcmd.1.gz
update-alternatives 2026-01-16 14:10:38: link group jcmd updated to point to /usr/lib/jvm/java-17-openjdk-amd64/bin/jcmd
update-alternatives 2026-01-16 14:10:38: run with --install /usr/bin/jdb jdb /usr/lib/jvm/java-17-openjdk-amd64/bin/jdb 1711 --slave /usr/share/man/man1/jdb.1.gz jdb.1.gz /usr/lib/jvm/java-17-openjdk-amd64/man/man1/jdb.1.gz
update-alternatives 2026-01-16 14:10:38: link group jdb updated to point to /usr/lib/jvm/java-17-openjdk-amd64/bin/jdb
update-alternatives 2026-01-16 14:10:38: run with --install /usr/bin/jdeprscan jdeprscan /usr/lib/jvm/java-17-openjdk-amd64/bin/jdeprscan 1711 --slave /usr/share/man/man1/jdeprscan.1.gz jdeprscan.1.gz /usr/lib/jvm/java-17-openjdk-amd64/man/man1/jdeprscan.1.gz
update-alternatives 2026-01-16 14:10:38: link group jdeprscan updated to point to /usr/lib/jvm/java-17-openjdk-amd64/bin/jdeprscan
update-alternatives 2026-01-16 14:10:38: run with --install /usr/bin/jdeps jdeps /usr/lib/jvm/java-17-openjdk-amd64/bin/jdeps 1711 --slave /usr/share/man/man1/jdeps.1.gz jdeps.1.gz /usr/lib/jvm/java-17-openjdk-amd64/man/man1/jdeps.1.gz
update-alternatives 2026-01-16 14:10:38: link group jdeps updated to point to /usr/lib/jvm/java-17-openjdk-amd64/bin/jdeps
update-alternatives 2026-01-16 14:10:38: run with --install /usr/bin/jfr jfr /usr/lib/jvm/java-17-openjdk-amd64/bin/jfr 1711 --slave /usr/share/man/man1/jfr.1.gz jfr.1.gz /usr/lib/jvm/java-17-openjdk-amd64/man/man1/jfr.1.gz
update-alternatives 2026-01-16 14:10:38: link group jfr updated to point to /usr/lib/jvm/java-17-openjdk-amd64/bin/jfr
update-alternatives 2026-01-16 14:10:38: run with --install /usr/bin/jimage jimage /usr/lib/jvm/java-17-openjdk-amd64/bin/jimage 1711
update-alternatives 2026-01-16 14:10:38: link group jimage updated to point to /usr/lib/jvm/java-17-openjdk-amd64/bin/jimage
update-alternatives 2026-01-16 14:10:38: run with --install /usr/bin/jinfo jinfo /usr/lib/jvm/java-17-openjdk-amd64/bin/jinfo 1711 --slave /usr/share/man/man1/jinfo.1.gz jinfo.1.gz /usr/lib/jvm/java-17-openjdk-amd64/man/man1/jinfo.1.gz
update-alternatives 2026-01-16 14:10:38: link group jinfo updated to point to /usr/lib/jvm/java-17-openjdk-amd64/bin/jinfo
update-alternatives 2026-01-16 14:10:38: run with --install /usr/bin/jlink jlink /usr/lib/jvm/java-17-openjdk-amd64/bin/jlink 1711 --slave /usr/share/man/man1/jlink.1.gz jlink.1.gz /usr/lib/jvm/java-17-openjdk-amd64/man/man1/jlink.1.gz
update-alternatives 2026-01-16 14:10:38: link group jlink updated to point to /usr/lib/jvm/java-17-openjdk-amd64/bin/jlink
update-alternatives 2026-01-16 14:10:38: run with --install /usr/bin/jmap jmap /usr/lib/jvm/java-17-openjdk-amd64/bin/jmap 1711 --slave /usr/share/man/man1/jmap.1.gz jmap.1.gz /usr/lib/jvm/java-17-openjdk-amd64/man/man1/jmap.1.gz
update-alternatives 2026-01-16 14:10:38: link group jmap updated to point to /usr/lib/jvm/java-17-openjdk-amd64/bin/jmap
update-alternatives 2026-01-16 14:10:38: run with --install /usr/bin/jmod jmod /usr/lib/jvm/java-17-openjdk-amd64/bin/jmod 1711 --slave /usr/share/man/man1/jmod.1.gz jmod.1.gz /usr/lib/jvm/java-17-openjdk-amd64/man/man1/jmod.1.gz
update-alternatives 2026-01-16 14:10:38: link group jmod updated to point to /usr/lib/jvm/java-17-openjdk-amd64/bin/jmod
update-alternatives 2026-01-16 14:10:38: run with --install /usr/bin/jps jps /usr/lib/jvm/java-17-openjdk-amd64/bin/jps 1711 --slave /usr/share/man/man1/jps.1.gz jps.1.gz /usr/lib/jvm/java-17-openjdk-amd64/man/man1/jps.1.gz
update-alternatives 2026-01-16 14:10:38: link group jps updated to point to /usr/lib/jvm/java-17-openjdk-amd64/bin/jps
update-alternatives 2026-01-16 14:10:38: run with --install /usr/bin/jrunscript jrunscript /usr/lib/jvm/java-17-openjdk-amd64/bin/jrunscript 1711 --slave /usr/share/man/man1/jrunscript.1.gz jrunscript.1.gz /usr/lib/jvm/java-17-openjdk-amd64/man/man1/jrunscript.1.gz
update-alternatives 2026-01-16 14:10:38: link group jrunscript updated to point to /usr/lib/jvm/java-17-openjdk-amd64/bin/jrunscript
update-alternatives 2026-01-16 14:10:38: run with --install /usr/bin/jshell jshell /usr/lib/jvm/java-17-openjdk-amd64/bin/jshell 1711 --slave /usr/share/man/man1/jshell.1.gz jshell.1.gz /usr/lib/jvm/java-17-openjdk-amd64/man/man1/jshell.1.gz
update-alternatives 2026-01-16 14:10:38: link group jshell updated to point to /usr/lib/jvm/java-17-openjdk-amd64/bin/jshell
update-alternatives 2026-01-16 14:10:38: run with --install /usr/bin/jstack jstack /usr/lib/jvm/java-17-openjdk-amd64/bin/jstack 1711 --slave /usr/share/man/man1/jstack.1.gz jstack.1.gz /usr/lib/jvm/java-17-openjdk-amd64/man/man1/jstack.1.gz
update-alternatives 2026-01-16 14:10:38: link group jstack updated to point to /usr/lib/jvm/java-17-openjdk-amd64/bin/jstack
update-alternatives 2026-01-16 14:10:38: run with --install /usr/bin/jstat jstat /usr/lib/jvm/java-17-openjdk-amd64/bin/jstat 1711 --slave /usr/share/man/man1/jstat.1.gz jstat.1.gz /usr/lib/jvm/java-17-openjdk-amd64/man/man1/jstat.1.gz
update-alternatives 2026-01-16 14:10:38: link group jstat updated to point to /usr/lib/jvm/java-17-openjdk-amd64/bin/jstat
update-alternatives 2026-01-16 14:10:38: run with --install /usr/bin/jstatd jstatd /usr/lib/jvm/java-17-openjdk-amd64/bin/jstatd 1711 --slave /usr/share/man/man1/jstatd.1.gz jstatd.1.gz /usr/lib/jvm/java-17-openjdk-amd64/man/man1/jstatd.1.gz
update-alternatives 2026-01-16 14:10:38: link group jstatd updated to point to /usr/lib/jvm/java-17-openjdk-amd64/bin/jstatd
update-alternatives 2026-01-16 14:10:38: run with --install /usr/bin/serialver serialver /usr/lib/jvm/java-17-openjdk-amd64/bin/serialver 1711 --slave /usr/share/man/man1/serialver.1.gz serialver.1.gz /usr/lib/jvm/java-17-openjdk-amd64/man/man1/serialver.1.gz
update-alternatives 2026-01-16 14:10:38: link group serialver updated to point to /usr/lib/jvm/java-17-openjdk-amd64/bin/serialver
update-alternatives 2026-01-16 14:10:38: run with --install /usr/bin/jhsdb jhsdb /usr/lib/jvm/java-17-openjdk-amd64/bin/jhsdb 1711 --slave /usr/share/man/man1/jhsdb.1.gz jhsdb.1.gz /usr/lib/jvm/java-17-openjdk-amd64/man/man1/jhsdb.1.gz
update-alternatives 2026-01-16 14:10:38: link group jhsdb updated to point to /usr/lib/jvm/java-17-openjdk-amd64/bin/jhsdb
update-alternatives 2026-01-16 14:10:42: run with --install /usr/bin/python3 python3 /usr/bin/python3.10 1
update-alternatives 2026-01-16 14:10:42: link group python3 updated to point to /usr/bin/python3.10
update-alternatives 2026-01-16 14:10:42: run with --install /usr/bin/python3 python3 /usr/bin/python3.12 2
update-alternatives 2026-01-16 14:10:42: link group python3 updated to point to /usr/bin/python3.12
