0 verbose cli /tools/node/bin/node /tools/node/bin/npm
1 info using npm@10.8.2
2 info using node@v20.19.0
3 silly config load:file:/tools/node/lib/node_modules/npm/npmrc
4 silly config load:file:/root/.npmrc
5 silly config load:file:/tools/node/etc/npmrc
6 verbose title npm install npm@v10.8.2
7 verbose argv "install" "--global" "npm@v10.8.2"
8 verbose logfile logs-max:10 dir:/root/.npm/_logs/2026-01-26T14_11_19_389Z-
9 verbose logfile /root/.npm/_logs/2026-01-26T14_11_19_389Z-debug-0.log
10 silly logfile done cleaning log files
11 http fetch GET 200 https://registry.npmjs.org/npm 166ms (cache miss)
12 silly packumentCache heap:4345298944 maxSize:1086324736 maxEntrySize:543162368
13 silly idealTree buildDeps
14 silly fetch manifest npm@v10.8.2
15 silly packumentCache full:https://registry.npmjs.org/npm cache-miss
16 http fetch GET 200 https://registry.npmjs.org/npm 1282ms (cache miss)
17 silly packumentCache full:https://registry.npmjs.org/npm set size:undefined disposed:false
18 silly placeDep ROOT npm@10.8.2 OK for:  want: v10.8.2
19 silly reify mark retired [
19 silly reify   '/tools/node/lib/node_modules/npm',
19 silly reify   '/tools/node/bin/npm',
19 silly reify   '/tools/node/bin/npx'
19 silly reify ]
20 silly reify moves {
20 silly reify   '/tools/node/lib/node_modules/npm': '/tools/node/lib/node_modules/.npm-JqMUmahn',
20 silly reify   '/tools/node/bin/npm': '/tools/node/bin/.npm-I9UdnwBJ',
20 silly reify   '/tools/node/bin/npx': '/tools/node/bin/.npx-mQcZ3PKh'
20 silly reify }
21 silly tarball no local data for npm@https://registry.npmjs.org/npm/-/npm-10.8.2.tgz. Extracting by manifest.
22 http fetch GET 200 https://registry.npmjs.org/npm/-/npm-10.8.2.tgz 949ms (cache miss)
23 silly CHANGE node_modules/npm
24 silly CHANGE node_modules/npm/node_modules/@npmcli/installed-package-contents
25 silly CHANGE node_modules/npm/node_modules/@npmcli/arborist
26 silly CHANGE node_modules/npm/node_modules/which
27 silly CHANGE node_modules/npm/node_modules/semver
28 silly CHANGE node_modules/npm/node_modules/qrcode-terminal
29 silly CHANGE node_modules/npm/node_modules/pacote
30 silly CHANGE node_modules/npm/node_modules/mkdirp
31 silly CHANGE node_modules/npm/node_modules/nopt
32 silly CHANGE node_modules/npm/node_modules/node-gyp
33 silly CHANGE node_modules/npm/node_modules/glob
34 silly CHANGE node_modules/npm/node_modules/cssesc
35 silly CHANGE node_modules/npm/node_modules/cross-spawn/node_modules/which
36 verbose cwd /
37 verbose os Linux 5.10.0-32-cloud-amd64
38 verbose node v20.19.0
39 verbose npm  v10.8.2
40 verbose exit 0
41 info ok
