0 verbose cli /tools/node/bin/node /tools/node/bin/npm
1 info using npm@10.8.2
2 info using node@v20.19.0
3 silly config load:file:/tools/node/lib/node_modules/npm/npmrc
4 silly config load:file:/datalab/web/.npmrc
5 silly config load:file:/root/.npmrc
6 silly config load:file:/tools/node/etc/npmrc
7 verbose title npm ci
8 verbose argv "ci"
9 verbose logfile logs-max:10 dir:/root/.npm/_logs/2026-01-26T14_11_23_161Z-
10 verbose logfile /root/.npm/_logs/2026-01-26T14_11_23_161Z-debug-0.log
11 silly packumentCache heap:4345298944 maxSize:1086324736 maxEntrySize:543162368
12 silly logfile done cleaning log files
13 silly idealTree buildDeps
14 silly reify moves {}
15 silly audit bulk request {
15 silly audit   accepts: [ '1.3.8' ],
15 silly audit   after: [ '0.8.2' ],
15 silly audit   'arraybuffer.slice': [ '0.0.7' ],
15 silly audit   async: [ '3.2.6' ],
15 silly audit   'async-limiter': [ '1.0.1' ],
15 silly audit   backo2: [ '1.0.2' ],
15 silly audit   'balanced-match': [ '1.0.0' ],
15 silly audit   'base64-arraybuffer': [ '0.1.4' ],
15 silly audit   base64id: [ '2.0.0' ],
15 silly audit   blob: [ '0.0.5' ],
15 silly audit   'brace-expansion': [ '1.1.12' ],
15 silly audit   bunyan: [ '1.8.15' ],
15 silly audit   'bunyan-rotating-file-stream': [ '2.0.6' ],
15 silly audit   'component-bind': [ '1.0.0' ],
15 silly audit   'component-emitter': [ '1.3.1', '1.2.1' ],
15 silly audit   'component-inherit': [ '0.0.3' ],
15 silly audit   'concat-map': [ '0.0.1' ],
15 silly audit   cookie: [ '0.4.2' ],
15 silly audit   debug: [ '4.1.1', '3.1.0' ],
15 silly audit   'dtrace-provider': [ '0.8.8' ],
15 silly audit   'engine.io': [ '3.6.2' ],
15 silly audit   'engine.io-client': [ '3.5.4' ],
15 silly audit   ms: [ '2.0.0', '2.1.3' ],
15 silly audit   ws: [ '7.5.10', '5.2.4' ],
15 silly audit   'engine.io-parser': [ '2.2.1' ],
15 silly audit   eventemitter3: [ '4.0.7' ],
15 silly audit   'follow-redirects': [ '1.15.11' ],
15 silly audit   glob: [ '6.0.4' ],
15 silly audit   'has-binary2': [ '1.0.3' ],
15 silly audit   'has-cors': [ '1.1.0' ],
15 silly audit   'http-proxy': [ '1.18.1' ],
15 silly audit   indexof: [ '0.0.1' ],
15 silly audit   inflight: [ '1.0.6' ],
15 silly audit   inherits: [ '2.0.3' ],
15 silly audit   isarray: [ '2.0.1' ],
15 silly audit   lodash: [ '4.17.21' ],
15 silly audit   'mime-db': [ '1.52.0' ],
15 silly audit   'mime-types': [ '2.1.35' ],
15 silly audit   minimatch: [ '3.1.2' ],
15 silly audit   minimist: [ '1.2.8' ],
15 silly audit   mkdirp: [ '0.5.6' ],
15 silly audit   moment: [ '2.30.1' ],
15 silly audit   mv: [ '2.1.1' ],
15 silly audit   nan: [ '2.23.0' ],
15 silly audit   ncp: [ '2.0.0' ],
15 silly audit   negotiator: [ '0.6.3' ],
15 silly audit   'node-pty': [ '1.0.0' ],
15 silly audit   once: [ '1.4.0' ],
15 silly audit   parseqs: [ '0.0.6' ],
15 silly audit   parseuri: [ '0.0.6' ],
15 silly audit   'path-is-absolute': [ '1.0.1' ],
15 silly audit   'requires-port': [ '1.0.0' ],
15 silly audit   rimraf: [ '2.4.5' ],
15 silly audit   'safe-json-stringify': [ '1.2.0' ],
15 silly audit   semver: [ '7.7.2' ],
15 silly audit   'socket.io': [ '2.5.1' ],
15 silly audit   'socket.io-adapter': [ '1.1.1' ],
15 silly audit   'socket.io-client': [ '2.5.0' ],
15 silly audit   'socket.io-parser': [ '3.3.4', '3.4.3' ],
15 silly audit   strftime: [ '0.10.3' ],
15 silly audit   'to-array': [ '0.1.4' ],
15 silly audit   wrappy: [ '1.0.2' ],
15 silly audit   'xmlhttprequest-ssl': [ '1.6.3' ],
15 silly audit   yeast: [ '0.1.2' ]
15 silly audit }
16 http fetch GET 200 https://registry.npmjs.org/npm 177ms
17 silly tarball no local data for yeast@https://registry.npmjs.org/yeast/-/yeast-0.1.2.tgz. Extracting by manifest.
18 silly tarball no local data for xmlhttprequest-ssl@https://registry.npmjs.org/xmlhttprequest-ssl/-/xmlhttprequest-ssl-1.6.3.tgz. Extracting by manifest.
19 silly tarball no local data for wrappy@https://registry.npmjs.org/wrappy/-/wrappy-1.0.2.tgz. Extracting by manifest.
20 silly tarball no local data for socket.io-parser@https://registry.npmjs.org/socket.io-parser/-/socket.io-parser-3.4.3.tgz. Extracting by manifest.
21 silly tarball no local data for strftime@https://registry.npmjs.org/strftime/-/strftime-0.10.3.tgz. Extracting by manifest.
22 silly tarball no local data for ws@https://registry.npmjs.org/ws/-/ws-5.2.4.tgz. Extracting by manifest.
23 silly tarball no local data for to-array@https://registry.npmjs.org/to-array/-/to-array-0.1.4.tgz. Extracting by manifest.
24 silly tarball no local data for socket.io-client@https://registry.npmjs.org/socket.io-client/-/socket.io-client-2.5.0.tgz. Extracting by manifest.
25 silly tarball no local data for socket.io-adapter@https://registry.npmjs.org/socket.io-adapter/-/socket.io-adapter-1.1.1.tgz. Extracting by manifest.
26 silly tarball no local data for safe-json-stringify@https://registry.npmjs.org/safe-json-stringify/-/safe-json-stringify-1.2.0.tgz. Extracting by manifest.
27 silly tarball no local data for socket.io@https://registry.npmjs.org/socket.io/-/socket.io-2.5.1.tgz. Extracting by manifest.
28 silly tarball no local data for rimraf@https://registry.npmjs.org/rimraf/-/rimraf-2.4.5.tgz. Extracting by manifest.
29 silly tarball no local data for semver@https://registry.npmjs.org/semver/-/semver-7.7.2.tgz. Extracting by manifest.
30 silly tarball no local data for path-is-absolute@https://registry.npmjs.org/path-is-absolute/-/path-is-absolute-1.0.1.tgz. Extracting by manifest.
31 silly tarball no local data for parseuri@https://registry.npmjs.org/parseuri/-/parseuri-0.0.6.tgz. Extracting by manifest.
32 silly tarball no local data for parseqs@https://registry.npmjs.org/parseqs/-/parseqs-0.0.6.tgz. Extracting by manifest.
33 silly tarball no local data for once@https://registry.npmjs.org/once/-/once-1.4.0.tgz. Extracting by manifest.
34 silly tarball no local data for requires-port@https://registry.npmjs.org/requires-port/-/requires-port-1.0.0.tgz. Extracting by manifest.
35 silly tarball no local data for node-pty@https://registry.npmjs.org/node-pty/-/node-pty-1.0.0.tgz. Extracting by manifest.
36 silly tarball no local data for ncp@https://registry.npmjs.org/ncp/-/ncp-2.0.0.tgz. Extracting by manifest.
37 silly tarball no local data for negotiator@https://registry.npmjs.org/negotiator/-/negotiator-0.6.3.tgz. Extracting by manifest.
38 silly tarball no local data for mv@https://registry.npmjs.org/mv/-/mv-2.1.1.tgz. Extracting by manifest.
39 silly tarball no local data for ms@https://registry.npmjs.org/ms/-/ms-2.1.3.tgz. Extracting by manifest.
40 silly tarball no local data for moment@https://registry.npmjs.org/moment/-/moment-2.30.1.tgz. Extracting by manifest.
41 silly tarball no local data for nan@https://registry.npmjs.org/nan/-/nan-2.23.0.tgz. Extracting by manifest.
42 silly tarball no local data for mkdirp@https://registry.npmjs.org/mkdirp/-/mkdirp-0.5.6.tgz. Extracting by manifest.
43 silly tarball no local data for minimist@https://registry.npmjs.org/minimist/-/minimist-1.2.8.tgz. Extracting by manifest.
44 silly tarball no local data for minimatch@https://registry.npmjs.org/minimatch/-/minimatch-3.1.2.tgz. Extracting by manifest.
45 silly tarball no local data for lodash@https://registry.npmjs.org/lodash/-/lodash-4.17.21.tgz. Extracting by manifest.
46 silly tarball no local data for mime-types@https://registry.npmjs.org/mime-types/-/mime-types-2.1.35.tgz. Extracting by manifest.
47 silly tarball no local data for mime-db@https://registry.npmjs.org/mime-db/-/mime-db-1.52.0.tgz. Extracting by manifest.
48 silly tarball no local data for isarray@https://registry.npmjs.org/isarray/-/isarray-2.0.1.tgz. Extracting by manifest.
49 silly tarball no local data for inherits@https://registry.npmjs.org/inherits/-/inherits-2.0.3.tgz. Extracting by manifest.
50 silly tarball no local data for inflight@https://registry.npmjs.org/inflight/-/inflight-1.0.6.tgz. Extracting by manifest.
51 silly tarball no local data for indexof@https://registry.npmjs.org/indexof/-/indexof-0.0.1.tgz. Extracting by manifest.
52 silly tarball no local data for has-cors@https://registry.npmjs.org/has-cors/-/has-cors-1.1.0.tgz. Extracting by manifest.
53 silly tarball no local data for http-proxy@https://registry.npmjs.org/http-proxy/-/http-proxy-1.18.1.tgz. Extracting by manifest.
54 silly tarball no local data for glob@https://registry.npmjs.org/glob/-/glob-6.0.4.tgz. Extracting by manifest.
55 silly tarball no local data for has-binary2@https://registry.npmjs.org/has-binary2/-/has-binary2-1.0.3.tgz. Extracting by manifest.
56 silly tarball no local data for follow-redirects@https://registry.npmjs.org/follow-redirects/-/follow-redirects-1.15.11.tgz. Extracting by manifest.
57 silly tarball no local data for eventemitter3@https://registry.npmjs.org/eventemitter3/-/eventemitter3-4.0.7.tgz. Extracting by manifest.
58 silly tarball no local data for engine.io-parser@https://registry.npmjs.org/engine.io-parser/-/engine.io-parser-2.2.1.tgz. Extracting by manifest.
59 silly tarball no local data for engine.io-client@https://registry.npmjs.org/engine.io-client/-/engine.io-client-3.5.4.tgz. Extracting by manifest.
60 silly tarball no local data for dtrace-provider@https://registry.npmjs.org/dtrace-provider/-/dtrace-provider-0.8.8.tgz. Extracting by manifest.
61 silly tarball no local data for engine.io@https://registry.npmjs.org/engine.io/-/engine.io-3.6.2.tgz. Extracting by manifest.
62 silly tarball no local data for debug@https://registry.npmjs.org/debug/-/debug-4.1.1.tgz. Extracting by manifest.
63 silly tarball no local data for cookie@https://registry.npmjs.org/cookie/-/cookie-0.4.2.tgz. Extracting by manifest.
64 silly tarball no local data for concat-map@https://registry.npmjs.org/concat-map/-/concat-map-0.0.1.tgz. Extracting by manifest.
65 silly tarball no local data for component-emitter@https://registry.npmjs.org/component-emitter/-/component-emitter-1.3.1.tgz. Extracting by manifest.
66 silly tarball no local data for bunyan-rotating-file-stream@https://registry.npmjs.org/bunyan-rotating-file-stream/-/bunyan-rotating-file-stream-2.0.6.tgz. Extracting by manifest.
67 silly tarball no local data for component-bind@https://registry.npmjs.org/component-bind/-/component-bind-1.0.0.tgz. Extracting by manifest.
68 silly tarball no local data for component-inherit@https://registry.npmjs.org/component-inherit/-/component-inherit-0.0.3.tgz. Extracting by manifest.
69 silly tarball no local data for bunyan@https://registry.npmjs.org/bunyan/-/bunyan-1.8.15.tgz. Extracting by manifest.
70 silly tarball no local data for blob@https://registry.npmjs.org/blob/-/blob-0.0.5.tgz. Extracting by manifest.
71 silly tarball no local data for brace-expansion@https://registry.npmjs.org/brace-expansion/-/brace-expansion-1.1.12.tgz. Extracting by manifest.
72 silly tarball no local data for base64id@https://registry.npmjs.org/base64id/-/base64id-2.0.0.tgz. Extracting by manifest.
73 silly tarball no local data for base64-arraybuffer@https://registry.npmjs.org/base64-arraybuffer/-/base64-arraybuffer-0.1.4.tgz. Extracting by manifest.
74 silly tarball no local data for balanced-match@https://registry.npmjs.org/balanced-match/-/balanced-match-1.0.0.tgz. Extracting by manifest.
75 silly tarball no local data for backo2@https://registry.npmjs.org/backo2/-/backo2-1.0.2.tgz. Extracting by manifest.
76 silly tarball no local data for async@https://registry.npmjs.org/async/-/async-3.2.6.tgz. Extracting by manifest.
77 silly tarball no local data for async-limiter@https://registry.npmjs.org/async-limiter/-/async-limiter-1.0.1.tgz. Extracting by manifest.
78 silly tarball no local data for arraybuffer.slice@https://registry.npmjs.org/arraybuffer.slice/-/arraybuffer.slice-0.0.7.tgz. Extracting by manifest.
79 silly tarball no local data for accepts@https://registry.npmjs.org/accepts/-/accepts-1.3.8.tgz. Extracting by manifest.
80 silly tarball no local data for after@https://registry.npmjs.org/after/-/after-0.8.2.tgz. Extracting by manifest.
81 silly tarball no local data for component-emitter@https://registry.npmjs.org/component-emitter/-/component-emitter-1.2.1.tgz. Extracting by manifest.
82 silly tarball no local data for ms@https://registry.npmjs.org/ms/-/ms-2.0.0.tgz. Extracting by manifest.
83 silly tarball no local data for ws@https://registry.npmjs.org/ws/-/ws-7.5.10.tgz. Extracting by manifest.
84 silly tarball no local data for ms@https://registry.npmjs.org/ms/-/ms-2.0.0.tgz. Extracting by manifest.
85 silly tarball no local data for debug@https://registry.npmjs.org/debug/-/debug-3.1.0.tgz. Extracting by manifest.
86 silly tarball no local data for debug@https://registry.npmjs.org/debug/-/debug-3.1.0.tgz. Extracting by manifest.
87 silly tarball no local data for ws@https://registry.npmjs.org/ws/-/ws-7.5.10.tgz. Extracting by manifest.
88 silly tarball no local data for socket.io-parser@https://registry.npmjs.org/socket.io-parser/-/socket.io-parser-3.3.4.tgz. Extracting by manifest.
89 http fetch POST 200 https://registry.npmjs.org/-/npm/v1/security/advisories/bulk 397ms
90 silly audit report {
90 silly audit report   cookie: [
90 silly audit report     {
90 silly audit report       id: 1103907,
90 silly audit report       url: 'https://github.com/advisories/GHSA-pxg6-pf52-xh8x',
90 silly audit report       title: 'cookie accepts cookie name, path, and domain with out of bounds characters',
90 silly audit report       severity: 'low',
90 silly audit report       vulnerable_versions: '<0.7.0',
90 silly audit report       cwe: [Array],
90 silly audit report       cvss: [Object]
90 silly audit report     }
90 silly audit report   ],
90 silly audit report   debug: [
90 silly audit report     {
90 silly audit report       id: 1096792,
90 silly audit report       url: 'https://github.com/advisories/GHSA-gxpj-cx7g-858c',
90 silly audit report       title: 'Regular Expression Denial of Service in debug',
90 silly audit report       severity: 'low',
90 silly audit report       vulnerable_versions: '>=4.0.0 <4.3.1',
90 silly audit report       cwe: [Array],
90 silly audit report       cvss: [Object]
90 silly audit report     }
90 silly audit report   ],
90 silly audit report   lodash: [
90 silly audit report     {
90 silly audit report       id: 1112455,
90 silly audit report       url: 'https://github.com/advisories/GHSA-xxjr-mmjv-4gpg',
90 silly audit report       title: 'Lodash has Prototype Pollution Vulnerability in `_.unset` and `_.omit` functions',
90 silly audit report       severity: 'moderate',
90 silly audit report       vulnerable_versions: '>=4.0.0 <=4.17.22',
90 silly audit report       cwe: [Array],
90 silly audit report       cvss: [Object]
90 silly audit report     }
90 silly audit report   ],
90 silly audit report   parseuri: [
90 silly audit report     {
90 silly audit report       id: 1107224,
90 silly audit report       url: 'https://github.com/advisories/GHSA-6fx8-h7jm-663j',
90 silly audit report       title: 'parse-uri Regular expression Denial of Service (ReDoS)',
90 silly audit report       severity: 'moderate',
90 silly audit report       vulnerable_versions: '<2.0.0',
90 silly audit report       cwe: [Array],
90 silly audit report       cvss: [Object]
90 silly audit report     }
90 silly audit report   ]
90 silly audit report }
91 silly packumentCache corgi:https://registry.npmjs.org/cookie cache-miss
92 silly packumentCache corgi:https://registry.npmjs.org/debug cache-miss
93 silly packumentCache corgi:https://registry.npmjs.org/lodash cache-miss
94 silly packumentCache corgi:https://registry.npmjs.org/parseuri cache-miss
95 http fetch GET 200 https://registry.npmjs.org/yeast/-/yeast-0.1.2.tgz 429ms (cache miss)
96 http fetch GET 200 https://registry.npmjs.org/parseuri/-/parseuri-0.0.6.tgz 529ms (cache miss)
97 http fetch GET 200 https://registry.npmjs.org/wrappy/-/wrappy-1.0.2.tgz 613ms (cache miss)
98 http fetch GET 200 https://registry.npmjs.org/socket.io-adapter/-/socket.io-adapter-1.1.1.tgz 636ms (cache miss)
99 http fetch GET 200 https://registry.npmjs.org/once/-/once-1.4.0.tgz 632ms (cache miss)
100 http fetch GET 200 https://registry.npmjs.org/parseqs/-/parseqs-0.0.6.tgz 633ms (cache miss)
101 http fetch GET 200 https://registry.npmjs.org/to-array/-/to-array-0.1.4.tgz 647ms (cache miss)
102 http fetch GET 200 https://registry.npmjs.org/safe-json-stringify/-/safe-json-stringify-1.2.0.tgz 654ms (cache miss)
103 http fetch GET 200 https://registry.npmjs.org/rimraf/-/rimraf-2.4.5.tgz 653ms (cache miss)
104 warn deprecated rimraf@2.4.5: Rimraf versions prior to v4 are no longer supported
105 http fetch GET 200 https://registry.npmjs.org/path-is-absolute/-/path-is-absolute-1.0.1.tgz 654ms (cache miss)
106 http fetch GET 200 https://registry.npmjs.org/socket.io-parser/-/socket.io-parser-3.4.3.tgz 668ms (cache miss)
107 http fetch GET 200 https://registry.npmjs.org/requires-port/-/requires-port-1.0.0.tgz 660ms (cache miss)
108 http fetch GET 200 https://registry.npmjs.org/inflight/-/inflight-1.0.6.tgz 648ms (cache miss)
109 warn deprecated inflight@1.0.6: This module is not supported, and leaks memory. Do not use it. Check out lru-cache if you want a good and tested way to coalesce async requests by a key value, which is much more comprehensive and powerful.
110 http fetch GET 200 https://registry.npmjs.org/mkdirp/-/mkdirp-0.5.6.tgz 659ms (cache miss)
111 http fetch GET 200 https://registry.npmjs.org/ms/-/ms-2.1.3.tgz 663ms (cache miss)
112 http fetch GET 200 https://registry.npmjs.org/mime-types/-/mime-types-2.1.35.tgz 658ms (cache miss)
113 http fetch GET 200 https://registry.npmjs.org/indexof/-/indexof-0.0.1.tgz 651ms (cache miss)
114 http fetch GET 200 https://registry.npmjs.org/mv/-/mv-2.1.1.tgz 672ms (cache miss)
115 http fetch GET 200 https://registry.npmjs.org/inherits/-/inherits-2.0.3.tgz 663ms (cache miss)
116 http fetch GET 200 https://registry.npmjs.org/has-binary2/-/has-binary2-1.0.3.tgz 656ms (cache miss)
117 http fetch GET 200 https://registry.npmjs.org/isarray/-/isarray-2.0.1.tgz 665ms (cache miss)
118 http fetch GET 200 https://registry.npmjs.org/has-cors/-/has-cors-1.1.0.tgz 665ms (cache miss)
119 http fetch GET 200 https://registry.npmjs.org/follow-redirects/-/follow-redirects-1.15.11.tgz 668ms (cache miss)
120 http fetch GET 200 https://registry.npmjs.org/component-bind/-/component-bind-1.0.0.tgz 653ms (cache miss)
121 http fetch GET 200 https://registry.npmjs.org/backo2/-/backo2-1.0.2.tgz 648ms (cache miss)
122 http fetch GET 200 https://registry.npmjs.org/component-emitter/-/component-emitter-1.2.1.tgz 651ms (cache miss)
123 http fetch GET 200 https://registry.npmjs.org/glob/-/glob-6.0.4.tgz 683ms (cache miss)
124 warn deprecated glob@6.0.4: Glob versions prior to v9 are no longer supported
125 http fetch GET 200 https://registry.npmjs.org/concat-map/-/concat-map-0.0.1.tgz 672ms (cache miss)
126 http fetch GET 200 https://registry.npmjs.org/component-emitter/-/component-emitter-1.3.1.tgz 670ms (cache miss)
127 http fetch GET 200 https://registry.npmjs.org/debug/-/debug-4.1.1.tgz 679ms (cache miss)
128 warn deprecated debug@4.1.1: Debug versions >=3.2.0 <3.2.7 || >=4 <4.3.1 have a low-severity ReDos regression when used in a Node.js environment. It is recommended you upgrade to 3.2.7 or 4.3.1. (https://github.com/visionmedia/debug/issues/797)
129 http fetch GET 200 https://registry.npmjs.org/component-inherit/-/component-inherit-0.0.3.tgz 669ms (cache miss)
130 http fetch GET 200 https://registry.npmjs.org/base64id/-/base64id-2.0.0.tgz 667ms (cache miss)
131 http fetch GET 200 https://registry.npmjs.org/arraybuffer.slice/-/arraybuffer.slice-0.0.7.tgz 662ms (cache miss)
132 http fetch GET 200 https://registry.npmjs.org/balanced-match/-/balanced-match-1.0.0.tgz 665ms (cache miss)
133 http fetch GET 200 https://registry.npmjs.org/brace-expansion/-/brace-expansion-1.1.12.tgz 673ms (cache miss)
134 http fetch GET 200 https://registry.npmjs.org/ms/-/ms-2.0.0.tgz 663ms (cache miss)
135 http fetch GET 200 https://registry.npmjs.org/socket.io-parser/-/socket.io-parser-3.3.4.tgz 658ms (cache miss)
136 http fetch GET 200 https://registry.npmjs.org/minimatch/-/minimatch-3.1.2.tgz 707ms (cache miss)
137 http fetch GET 200 https://registry.npmjs.org/cookie/-/cookie-0.4.2.tgz 689ms (cache miss)
138 http fetch GET 200 https://registry.npmjs.org/bunyan/-/bunyan-1.8.15.tgz 679ms (cache miss)
139 http fetch GET 200 https://registry.npmjs.org/after/-/after-0.8.2.tgz 672ms (cache miss)
140 http fetch GET 200 https://registry.npmjs.org/ms/-/ms-2.0.0.tgz 672ms (cache miss)
141 http fetch GET 200 https://registry.npmjs.org/async-limiter/-/async-limiter-1.0.1.tgz 679ms (cache miss)
142 http fetch GET 200 https://registry.npmjs.org/base64-arraybuffer/-/base64-arraybuffer-0.1.4.tgz 683ms (cache miss)
143 http fetch GET 200 https://registry.npmjs.org/accepts/-/accepts-1.3.8.tgz 678ms (cache miss)
144 http fetch GET 200 https://registry.npmjs.org/negotiator/-/negotiator-0.6.3.tgz 723ms (cache miss)
145 http fetch GET 200 https://registry.npmjs.org/parseuri 441ms (cache miss)
146 silly packumentCache corgi:https://registry.npmjs.org/parseuri set size:undefined disposed:false
147 http fetch GET 200 https://registry.npmjs.org/cookie 447ms (cache miss)
148 silly packumentCache corgi:https://registry.npmjs.org/cookie set size:undefined disposed:false
149 http fetch GET 200 https://registry.npmjs.org/engine.io-parser/-/engine.io-parser-2.2.1.tgz 715ms (cache miss)
150 http fetch GET 200 https://registry.npmjs.org/eventemitter3/-/eventemitter3-4.0.7.tgz 720ms (cache miss)
151 http fetch GET 200 https://registry.npmjs.org/xmlhttprequest-ssl/-/xmlhttprequest-ssl-1.6.3.tgz 755ms (cache miss)
152 http fetch GET 200 https://registry.npmjs.org/lodash 461ms (cache miss)
153 silly packumentCache corgi:https://registry.npmjs.org/lodash set size:undefined disposed:false
154 http fetch GET 200 https://registry.npmjs.org/debug 467ms (cache miss)
155 silly packumentCache corgi:https://registry.npmjs.org/debug set size:undefined disposed:false
156 http fetch GET 200 https://registry.npmjs.org/socket.io/-/socket.io-2.5.1.tgz 767ms (cache miss)
157 http fetch GET 200 https://registry.npmjs.org/strftime/-/strftime-0.10.3.tgz 775ms (cache miss)
158 http fetch GET 200 https://registry.npmjs.org/ws/-/ws-7.5.10.tgz 727ms (cache miss)
159 http fetch GET 200 https://registry.npmjs.org/mime-db/-/mime-db-1.52.0.tgz 768ms (cache miss)
160 http fetch GET 200 https://registry.npmjs.org/blob/-/blob-0.0.5.tgz 746ms (cache miss)
161 http fetch GET 200 https://registry.npmjs.org/ncp/-/ncp-2.0.0.tgz 793ms (cache miss)
162 http fetch GET 200 https://registry.npmjs.org/ws/-/ws-5.2.4.tgz 809ms (cache miss)
163 http fetch GET 200 https://registry.npmjs.org/debug/-/debug-3.1.0.tgz 749ms (cache miss)
164 http fetch GET 200 https://registry.npmjs.org/dtrace-provider/-/dtrace-provider-0.8.8.tgz 782ms (cache miss)
165 http fetch GET 200 https://registry.npmjs.org/debug/-/debug-3.1.0.tgz 755ms (cache miss)
166 http fetch GET 200 https://registry.npmjs.org/ws/-/ws-7.5.10.tgz 754ms (cache miss)
167 http fetch GET 200 https://registry.npmjs.org/minimist/-/minimist-1.2.8.tgz 803ms (cache miss)
168 http fetch GET 200 https://registry.npmjs.org/bunyan-rotating-file-stream/-/bunyan-rotating-file-stream-2.0.6.tgz 780ms (cache miss)
169 silly packumentCache corgi:https://registry.npmjs.org/engine.io cache-miss
170 http fetch GET 200 https://registry.npmjs.org/engine.io/-/engine.io-3.6.2.tgz 794ms (cache miss)
171 http fetch GET 200 https://registry.npmjs.org/engine.io-client/-/engine.io-client-3.5.4.tgz 800ms (cache miss)
172 http fetch GET 200 https://registry.npmjs.org/http-proxy/-/http-proxy-1.18.1.tgz 807ms (cache miss)
173 http fetch GET 200 https://registry.npmjs.org/semver/-/semver-7.7.2.tgz 874ms (cache miss)
174 http fetch GET 200 https://registry.npmjs.org/nan/-/nan-2.23.0.tgz 889ms (cache miss)
175 http fetch GET 200 https://registry.npmjs.org/engine.io 82ms (cache miss)
176 silly packumentCache corgi:https://registry.npmjs.org/engine.io set size:undefined disposed:false
177 silly packumentCache corgi:https://registry.npmjs.org/socket.io cache-miss
178 silly packumentCache corgi:https://registry.npmjs.org/socket.io-parser cache-miss
179 http fetch GET 200 https://registry.npmjs.org/socket.io-client/-/socket.io-client-2.5.0.tgz 973ms (cache miss)
180 http fetch GET 200 https://registry.npmjs.org/socket.io-parser 63ms (cache miss)
181 silly packumentCache corgi:https://registry.npmjs.org/socket.io-parser set size:undefined disposed:false
182 http fetch GET 200 https://registry.npmjs.org/socket.io 101ms (cache miss)
183 silly packumentCache corgi:https://registry.npmjs.org/socket.io set size:undefined disposed:false
184 http fetch GET 200 https://registry.npmjs.org/async/-/async-3.2.6.tgz 991ms (cache miss)
185 silly packumentCache corgi:https://registry.npmjs.org/bunyan-rotating-file-stream cache-miss
186 http fetch GET 200 https://registry.npmjs.org/node-pty/-/node-pty-1.0.0.tgz 1111ms (cache miss)
187 http fetch GET 200 https://registry.npmjs.org/bunyan-rotating-file-stream 79ms (cache miss)
188 silly packumentCache corgi:https://registry.npmjs.org/bunyan-rotating-file-stream set size:undefined disposed:false
189 silly packumentCache corgi:https://registry.npmjs.org/engine.io-client cache-miss
190 silly packumentCache corgi:https://registry.npmjs.org/socket.io-client cache-miss
191 http fetch GET 200 https://registry.npmjs.org/engine.io-client 61ms (cache miss)
192 silly packumentCache corgi:https://registry.npmjs.org/engine.io-client set size:undefined disposed:false
193 http fetch GET 200 https://registry.npmjs.org/socket.io-client 74ms (cache miss)
194 silly packumentCache corgi:https://registry.npmjs.org/socket.io-client set size:undefined disposed:false
195 http fetch GET 200 https://registry.npmjs.org/moment/-/moment-2.30.1.tgz 1385ms (cache miss)
196 http fetch GET 200 https://registry.npmjs.org/lodash/-/lodash-4.17.21.tgz 1403ms (cache miss)
197 info run dtrace-provider@0.8.8 install node_modules/dtrace-provider node-gyp rebuild || node suppress-error.js
198 info run node-pty@1.0.0 install node_modules/node-pty node-gyp rebuild
199 info run dtrace-provider@0.8.8 install { code: 0, signal: null }
200 info run node-pty@1.0.0 install { code: 0, signal: null }
201 info run node-pty@1.0.0 postinstall node_modules/node-pty node scripts/post-install.js
202 info run node-pty@1.0.0 postinstall { code: 0, signal: null }
203 silly ADD node_modules/yeast
204 silly ADD node_modules/xmlhttprequest-ssl
205 silly ADD node_modules/ws
206 silly ADD node_modules/wrappy
207 silly ADD node_modules/to-array
208 silly ADD node_modules/strftime
209 silly ADD node_modules/socket.io-parser
210 silly ADD node_modules/socket.io-parser/node_modules/component-emitter
211 silly ADD node_modules/socket.io-client
212 silly ADD node_modules/socket.io-client/node_modules/socket.io-parser
213 silly ADD node_modules/socket.io-client/node_modules/ms
214 silly ADD node_modules/socket.io-client/node_modules/debug
215 silly ADD node_modules/socket.io-adapter
216 silly ADD node_modules/socket.io
217 silly ADD node_modules/semver
218 silly ADD node_modules/safe-json-stringify
219 silly ADD node_modules/rimraf
220 silly ADD node_modules/requires-port
221 silly ADD node_modules/path-is-absolute
222 silly ADD node_modules/parseuri
223 silly ADD node_modules/parseqs
224 silly ADD node_modules/once
225 silly ADD node_modules/node-pty
226 silly ADD node_modules/negotiator
227 silly ADD node_modules/ncp
228 silly ADD node_modules/nan
229 silly ADD node_modules/mv
230 silly ADD node_modules/ms
231 silly ADD node_modules/moment
232 silly ADD node_modules/mkdirp
233 silly ADD node_modules/minimist
234 silly ADD node_modules/minimatch
235 silly ADD node_modules/mime-types
236 silly ADD node_modules/mime-db
237 silly ADD node_modules/lodash
238 silly ADD node_modules/isarray
239 silly ADD node_modules/inherits
240 silly ADD node_modules/inflight
241 silly ADD node_modules/indexof
242 silly ADD node_modules/http-proxy
243 silly ADD node_modules/has-cors
244 silly ADD node_modules/has-binary2
245 silly ADD node_modules/glob
246 silly ADD node_modules/follow-redirects
247 silly ADD node_modules/eventemitter3
248 silly ADD node_modules/engine.io-parser
249 silly ADD node_modules/engine.io-client
250 silly ADD node_modules/engine.io-client/node_modules/ws
251 silly ADD node_modules/engine.io-client/node_modules/ms
252 silly ADD node_modules/engine.io-client/node_modules/debug
253 silly ADD node_modules/engine.io
254 silly ADD node_modules/engine.io/node_modules/ws
255 silly ADD node_modules/dtrace-provider
256 silly ADD node_modules/debug
257 silly ADD node_modules/cookie
258 silly ADD node_modules/concat-map
259 silly ADD node_modules/component-inherit
260 silly ADD node_modules/component-emitter
261 silly ADD node_modules/component-bind
262 silly ADD node_modules/bunyan-rotating-file-stream
263 silly ADD node_modules/bunyan
264 silly ADD node_modules/brace-expansion
265 silly ADD node_modules/blob
266 silly ADD node_modules/base64id
267 silly ADD node_modules/base64-arraybuffer
268 silly ADD node_modules/balanced-match
269 silly ADD node_modules/backo2
270 silly ADD node_modules/async-limiter
271 silly ADD node_modules/async
272 silly ADD node_modules/arraybuffer.slice
273 silly ADD node_modules/after
274 silly ADD node_modules/accepts
275 verbose cwd /datalab/web
276 verbose os Linux 5.10.0-32-cloud-amd64
277 verbose node v20.19.0
278 verbose npm  v10.8.2
279 notice
279 notice New major version of npm available! 10.8.2 -> 11.8.0
279 notice Changelog: https://github.com/npm/cli/releases/tag/v11.8.0
279 notice To update run: npm install -g npm@11.8.0
279 notice  { force: true, [Symbol(proc-log.meta)]: true }
280 verbose exit 0
281 info ok
